build/app/outputs/mapping/r8/release/mapping.txt
# compiler: R8
# compiler_version: 1.2.49
# min_api: 21
com.example.flutterbase.MainActivity -> com.example.flutterbase.MainActivity:
...
com.google.firebase.firestore.local.SQLitePersistence$$Lambda$1 -> com.google.firebase.firestore.c.na:
    com.google.firebase.firestore.local.SQLitePersistence$$Lambda$1 instance -> a
    com.google.common.base.Function lambdaFactory$() -> a
com.google.firebase.firestore.local.SQLitePersistence$$Lambda$2 -> com.google.firebase.firestore.c.oa:
    com.google.firebase.firestore.local.SQLitePersistence$$Lambda$2 instance -> a
    com.google.common.base.Function lambdaFactory$() -> a
com.google.firebase.firestore.local.SQLitePersistence$1 -> com.google.firebase.firestore.c.pa:
    com.google.firebase.firestore.local.SQLitePersistence this$0 -> a
com.google.firebase.firestore.local.SQLitePersistence$LongQuery -> com.google.firebase.firestore.c.qa$a:
    com.google.firebase.firestore.local.SQLitePersistence db -> a
    int subqueriesPerformed -> e
    java.lang.String head -> b
    java.lang.String tail -> c
    java.util.Iterator argsIter -> f
    java.util.List argsHead -> d
    boolean hasMoreSubqueries() -> a
    com.google.firebase.firestore.local.SQLitePersistence$Query performNextSubquery() -> b
    int getSubqueriesPerformed() -> c
com.google.firebase.firestore.local.SQLitePersistence$OpenHelper -> com.google.firebase.firestore.c.qa$b:
    boolean configured -> a
    void ensureConfigured(android.database.sqlite.SQLiteDatabase) -> a
com.google.firebase.firestore.local.SQLitePersistence$Query -> com.google.firebase.firestore.c.qa$c:
    android.database.sqlite.SQLiteDatabase db -> a
    android.database.sqlite.SQLiteDatabase$CursorFactory cursorFactory -> c
    java.lang.String sql -> b
    android.database.Cursor lambda$binding$0(java.lang.Object[],android.database.sqlite.SQLiteDatabase,android.database.sqlite.SQLiteCursorDriver,java.lang.String,android.database.sqlite.SQLiteQuery) -> a
    android.database.Cursor startQuery() -> b
    boolean isEmpty() -> a
    com.google.firebase.firestore.local.SQLitePersistence$Query binding(java.lang.Object[]) -> a
    int first(com.google.firebase.firestore.util.Consumer) -> b
    int forEach(com.google.firebase.firestore.util.Consumer) -> a
    java.lang.Object firstValue(com.google.common.base.Function) -> a
com.google.firebase.firestore.local.SQLitePersistence$Query$$Lambda$1 -> com.google.firebase.firestore.c.ra:
    java.lang.Object[] arg$1 -> a
    android.database.sqlite.SQLiteDatabase$CursorFactory lambdaFactory$(java.lang.Object[]) -> a
com.google.firebase.firestore.local.SQLiteQueryCache -> com.google.firebase.firestore.c.ya:
    com.google.firebase.firestore.local.LocalSerializer localSerializer -> b
    com.google.firebase.firestore.local.SQLitePersistence db -> a
    com.google.firebase.firestore.model.SnapshotVersion lastRemoteSnapshotVersion -> e
    int highestTargetId -> c
    long lastListenSequenceNumber -> d
    long targetCount -> f
    boolean updateMetadata(com.google.firebase.firestore.local.QueryData) -> d
    com.google.firebase.firestore.local.QueryData decodeQueryData(byte[]) -> a
    void lambda$forEachTarget$1(com.google.firebase.firestore.local.SQLiteQueryCache,com.google.firebase.firestore.util.Consumer,android.database.Cursor) -> a
    void lambda$getMatchingKeysForTargetId$4(com.google.firebase.firestore.local.SQLiteQueryCache$DocumentKeysHolder,android.database.Cursor) -> a
    void lambda$getQueryData$3(com.google.firebase.firestore.local.SQLiteQueryCache,com.google.firebase.firestore.core.Query,com.google.firebase.firestore.local.SQLiteQueryCache$QueryDataHolder,android.database.Cursor) -> a
    void lambda$removeQueries$2(com.google.firebase.firestore.local.SQLiteQueryCache,android.util.SparseArray,int[],android.database.Cursor) -> a
    void lambda$start$0(com.google.firebase.firestore.local.SQLiteQueryCache,android.database.Cursor) -> a
    void removeMatchingKeysForTargetId(int) -> c
    void removeTarget(int) -> b